{"C:\\Users\\moham\\OneDrive\\Desktop\\TodoList_api\\TodoList_Express\\app.js": {"path":"C:\\Users\\moham\\OneDrive\\Desktop\\TodoList_api\\TodoList_Express\\app.js","statementMap":{"0":{"start":{"line":1,"column":16},"end":{"line":1,"column":34}},"1":{"start":{"line":2,"column":20},"end":{"line":2,"column":42}},"2":{"start":{"line":3,"column":15},"end":{"line":3,"column":44}},"3":{"start":{"line":4,"column":22},"end":{"line":4,"column":67}},"4":{"start":{"line":5,"column":41},"end":{"line":5,"column":90}},"5":{"start":{"line":7,"column":12},"end":{"line":7,"column":21}},"6":{"start":{"line":10,"column":0},"end":{"line":10,"column":24}},"7":{"start":{"line":13,"column":0},"end":{"line":13,"column":23}},"8":{"start":{"line":16,"column":0},"end":{"line":16,"column":23}},"9":{"start":{"line":19,"column":0},"end":{"line":22,"column":3}},"10":{"start":{"line":20,"column":2},"end":{"line":20,"column":45}},"11":{"start":{"line":20,"column":31},"end":{"line":20,"column":45}},"12":{"start":{"line":21,"column":2},"end":{"line":21,"column":39}},"13":{"start":{"line":25,"column":0},"end":{"line":27,"column":3}},"14":{"start":{"line":26,"column":2},"end":{"line":26,"column":45}},"15":{"start":{"line":30,"column":0},"end":{"line":30,"column":30}},"16":{"start":{"line":33,"column":0},"end":{"line":36,"column":3}},"17":{"start":{"line":34,"column":2},"end":{"line":34,"column":55}},"18":{"start":{"line":35,"column":2},"end":{"line":35,"column":43}},"19":{"start":{"line":39,"column":0},"end":{"line":42,"column":3}},"20":{"start":{"line":40,"column":2},"end":{"line":40,"column":28}},"21":{"start":{"line":41,"column":2},"end":{"line":41,"column":63}},"22":{"start":{"line":44,"column":0},"end":{"line":44,"column":21}}},"fnMap":{"0":{"name":"(anonymous_0)","decl":{"start":{"line":19,"column":8},"end":{"line":19,"column":9}},"loc":{"start":{"line":19,"column":28},"end":{"line":22,"column":1}},"line":19},"1":{"name":"(anonymous_1)","decl":{"start":{"line":25,"column":13},"end":{"line":25,"column":14}},"loc":{"start":{"line":25,"column":27},"end":{"line":27,"column":1}},"line":25},"2":{"name":"(anonymous_2)","decl":{"start":{"line":33,"column":20},"end":{"line":33,"column":21}},"loc":{"start":{"line":33,"column":40},"end":{"line":36,"column":1}},"line":33},"3":{"name":"(anonymous_3)","decl":{"start":{"line":39,"column":8},"end":{"line":39,"column":9}},"loc":{"start":{"line":39,"column":33},"end":{"line":42,"column":1}},"line":39}},"branchMap":{"0":{"loc":{"start":{"line":20,"column":2},"end":{"line":20,"column":45}},"type":"if","locations":[{"start":{"line":20,"column":2},"end":{"line":20,"column":45}},{"start":{},"end":{}}],"line":20}},"s":{"0":1,"1":1,"2":1,"3":1,"4":1,"5":1,"6":1,"7":1,"8":1,"9":1,"10":5,"11":0,"12":5,"13":1,"14":0,"15":1,"16":1,"17":0,"18":0,"19":1,"20":0,"21":0,"22":1},"f":{"0":5,"1":0,"2":0,"3":0},"b":{"0":[0,5]},"_coverageSchema":"1a1c01bbd47fc00a2c39e90264f33305004495a9","hash":"9dd377d328cdc4a76a431c42af2413ed81e57130"}
,"C:\\Users\\moham\\OneDrive\\Desktop\\TodoList_api\\TodoList_Express\\config\\database.js": {"path":"C:\\Users\\moham\\OneDrive\\Desktop\\TodoList_api\\TodoList_Express\\config\\database.js","statementMap":{"0":{"start":{"line":1,"column":17},"end":{"line":1,"column":36}},"1":{"start":{"line":2,"column":0},"end":{"line":2,"column":27}},"2":{"start":{"line":4,"column":21},"end":{"line":12,"column":1}},"3":{"start":{"line":5,"column":2},"end":{"line":11,"column":3}},"4":{"start":{"line":6,"column":17},"end":{"line":6,"column":59}},"5":{"start":{"line":7,"column":4},"end":{"line":7,"column":63}},"6":{"start":{"line":9,"column":4},"end":{"line":9,"column":42}},"7":{"start":{"line":10,"column":4},"end":{"line":10,"column":20}},"8":{"start":{"line":14,"column":0},"end":{"line":14,"column":30}}},"fnMap":{"0":{"name":"(anonymous_0)","decl":{"start":{"line":4,"column":21},"end":{"line":4,"column":22}},"loc":{"start":{"line":4,"column":33},"end":{"line":12,"column":1}},"line":4}},"branchMap":{},"s":{"0":0,"1":0,"2":0,"3":0,"4":0,"5":0,"6":0,"7":0,"8":0},"f":{"0":0},"b":{}}
,"C:\\Users\\moham\\OneDrive\\Desktop\\TodoList_api\\TodoList_Express\\src\\controllers\\todoController.js": {"path":"C:\\Users\\moham\\OneDrive\\Desktop\\TodoList_api\\TodoList_Express\\src\\controllers\\todoController.js","statementMap":{"0":{"start":{"line":1,"column":17},"end":{"line":1,"column":36}},"1":{"start":{"line":2,"column":13},"end":{"line":2,"column":43}},"2":{"start":{"line":3,"column":15},"end":{"line":3,"column":41}},"3":{"start":{"line":7,"column":4},"end":{"line":24,"column":5}},"4":{"start":{"line":8,"column":45},"end":{"line":8,"column":53}},"5":{"start":{"line":10,"column":22},"end":{"line":10,"column":71}},"6":{"start":{"line":12,"column":6},"end":{"line":12,"column":50}},"7":{"start":{"line":13,"column":6},"end":{"line":17,"column":9}},"8":{"start":{"line":19,"column":6},"end":{"line":19,"column":55}},"9":{"start":{"line":20,"column":6},"end":{"line":23,"column":9}},"10":{"start":{"line":28,"column":4},"end":{"line":43,"column":5}},"11":{"start":{"line":29,"column":20},"end":{"line":29,"column":37}},"12":{"start":{"line":31,"column":6},"end":{"line":31,"column":53}},"13":{"start":{"line":32,"column":6},"end":{"line":36,"column":9}},"14":{"start":{"line":38,"column":6},"end":{"line":38,"column":56}},"15":{"start":{"line":39,"column":6},"end":{"line":42,"column":9}},"16":{"start":{"line":47,"column":4},"end":{"line":80,"column":5}},"17":{"start":{"line":48,"column":21},"end":{"line":48,"column":31}},"18":{"start":{"line":50,"column":6},"end":{"line":56,"column":7}},"19":{"start":{"line":51,"column":8},"end":{"line":51,"column":48}},"20":{"start":{"line":52,"column":8},"end":{"line":55,"column":11}},"21":{"start":{"line":58,"column":19},"end":{"line":58,"column":42}},"22":{"start":{"line":60,"column":6},"end":{"line":66,"column":7}},"23":{"start":{"line":61,"column":8},"end":{"line":61,"column":52}},"24":{"start":{"line":62,"column":8},"end":{"line":65,"column":11}},"25":{"start":{"line":68,"column":6},"end":{"line":68,"column":41}},"26":{"start":{"line":69,"column":6},"end":{"line":73,"column":9}},"27":{"start":{"line":75,"column":6},"end":{"line":75,"column":56}},"28":{"start":{"line":76,"column":6},"end":{"line":79,"column":9}},"29":{"start":{"line":84,"column":4},"end":{"line":123,"column":5}},"30":{"start":{"line":85,"column":21},"end":{"line":85,"column":31}},"31":{"start":{"line":87,"column":6},"end":{"line":93,"column":7}},"32":{"start":{"line":88,"column":8},"end":{"line":88,"column":52}},"33":{"start":{"line":89,"column":8},"end":{"line":92,"column":11}},"34":{"start":{"line":95,"column":45},"end":{"line":95,"column":53}},"35":{"start":{"line":97,"column":26},"end":{"line":101,"column":7}},"36":{"start":{"line":103,"column":6},"end":{"line":109,"column":7}},"37":{"start":{"line":104,"column":8},"end":{"line":104,"column":60}},"38":{"start":{"line":105,"column":8},"end":{"line":108,"column":11}},"39":{"start":{"line":111,"column":6},"end":{"line":111,"column":41}},"40":{"start":{"line":112,"column":6},"end":{"line":116,"column":9}},"41":{"start":{"line":118,"column":6},"end":{"line":118,"column":55}},"42":{"start":{"line":119,"column":6},"end":{"line":122,"column":9}},"43":{"start":{"line":127,"column":4},"end":{"line":160,"column":5}},"44":{"start":{"line":128,"column":21},"end":{"line":128,"column":31}},"45":{"start":{"line":130,"column":6},"end":{"line":136,"column":7}},"46":{"start":{"line":131,"column":8},"end":{"line":131,"column":52}},"47":{"start":{"line":132,"column":8},"end":{"line":135,"column":11}},"48":{"start":{"line":138,"column":26},"end":{"line":138,"column":58}},"49":{"start":{"line":140,"column":6},"end":{"line":146,"column":7}},"50":{"start":{"line":141,"column":8},"end":{"line":141,"column":60}},"51":{"start":{"line":142,"column":8},"end":{"line":145,"column":11}},"52":{"start":{"line":148,"column":6},"end":{"line":148,"column":41}},"53":{"start":{"line":149,"column":6},"end":{"line":153,"column":9}},"54":{"start":{"line":155,"column":6},"end":{"line":155,"column":55}},"55":{"start":{"line":156,"column":6},"end":{"line":159,"column":9}},"56":{"start":{"line":164,"column":0},"end":{"line":164,"column":38}}},"fnMap":{"0":{"name":"(anonymous_0)","decl":{"start":{"line":6,"column":2},"end":{"line":6,"column":3}},"loc":{"start":{"line":6,"column":29},"end":{"line":25,"column":3}},"line":6},"1":{"name":"(anonymous_1)","decl":{"start":{"line":27,"column":2},"end":{"line":27,"column":3}},"loc":{"start":{"line":27,"column":30},"end":{"line":44,"column":3}},"line":27},"2":{"name":"(anonymous_2)","decl":{"start":{"line":46,"column":2},"end":{"line":46,"column":3}},"loc":{"start":{"line":46,"column":30},"end":{"line":81,"column":3}},"line":46},"3":{"name":"(anonymous_3)","decl":{"start":{"line":83,"column":2},"end":{"line":83,"column":3}},"loc":{"start":{"line":83,"column":29},"end":{"line":124,"column":3}},"line":83},"4":{"name":"(anonymous_4)","decl":{"start":{"line":126,"column":2},"end":{"line":126,"column":3}},"loc":{"start":{"line":126,"column":29},"end":{"line":161,"column":3}},"line":126}},"branchMap":{"0":{"loc":{"start":{"line":50,"column":6},"end":{"line":56,"column":7}},"type":"if","locations":[{"start":{"line":50,"column":6},"end":{"line":56,"column":7}},{"start":{},"end":{}}],"line":50},"1":{"loc":{"start":{"line":60,"column":6},"end":{"line":66,"column":7}},"type":"if","locations":[{"start":{"line":60,"column":6},"end":{"line":66,"column":7}},{"start":{},"end":{}}],"line":60},"2":{"loc":{"start":{"line":87,"column":6},"end":{"line":93,"column":7}},"type":"if","locations":[{"start":{"line":87,"column":6},"end":{"line":93,"column":7}},{"start":{},"end":{}}],"line":87},"3":{"loc":{"start":{"line":103,"column":6},"end":{"line":109,"column":7}},"type":"if","locations":[{"start":{"line":103,"column":6},"end":{"line":109,"column":7}},{"start":{},"end":{}}],"line":103},"4":{"loc":{"start":{"line":130,"column":6},"end":{"line":136,"column":7}},"type":"if","locations":[{"start":{"line":130,"column":6},"end":{"line":136,"column":7}},{"start":{},"end":{}}],"line":130},"5":{"loc":{"start":{"line":140,"column":6},"end":{"line":146,"column":7}},"type":"if","locations":[{"start":{"line":140,"column":6},"end":{"line":146,"column":7}},{"start":{},"end":{}}],"line":140}},"s":{"0":1,"1":1,"2":1,"3":1,"4":1,"5":1,"6":1,"7":1,"8":0,"9":0,"10":1,"11":1,"12":1,"13":1,"14":0,"15":0,"16":1,"17":1,"18":1,"19":0,"20":0,"21":1,"22":1,"23":0,"24":0,"25":1,"26":1,"27":0,"28":0,"29":1,"30":1,"31":1,"32":0,"33":0,"34":1,"35":1,"36":1,"37":0,"38":0,"39":1,"40":1,"41":0,"42":0,"43":1,"44":1,"45":1,"46":0,"47":0,"48":1,"49":1,"50":0,"51":0,"52":1,"53":1,"54":0,"55":0,"56":1},"f":{"0":1,"1":1,"2":1,"3":1,"4":1},"b":{"0":[0,1],"1":[0,1],"2":[0,1],"3":[0,1],"4":[0,1],"5":[0,1]},"_coverageSchema":"1a1c01bbd47fc00a2c39e90264f33305004495a9","hash":"7ef0a45f1cac6f89ea158894a8cae4b3939029b8"}
,"C:\\Users\\moham\\OneDrive\\Desktop\\TodoList_api\\TodoList_Express\\src\\middlewares\\loggerMiddleware.js": {"path":"C:\\Users\\moham\\OneDrive\\Desktop\\TodoList_api\\TodoList_Express\\src\\middlewares\\loggerMiddleware.js","statementMap":{"0":{"start":{"line":1,"column":15},"end":{"line":1,"column":41}},"1":{"start":{"line":3,"column":22},"end":{"line":7,"column":1}},"2":{"start":{"line":4,"column":14},"end":{"line":4,"column":41}},"3":{"start":{"line":5,"column":2},"end":{"line":5,"column":59}},"4":{"start":{"line":6,"column":2},"end":{"line":6,"column":9}},"5":{"start":{"line":9,"column":0},"end":{"line":9,"column":31}}},"fnMap":{"0":{"name":"(anonymous_0)","decl":{"start":{"line":3,"column":22},"end":{"line":3,"column":23}},"loc":{"start":{"line":3,"column":42},"end":{"line":7,"column":1}},"line":3}},"branchMap":{},"s":{"0":1,"1":1,"2":5,"3":5,"4":5,"5":1},"f":{"0":5},"b":{},"_coverageSchema":"1a1c01bbd47fc00a2c39e90264f33305004495a9","hash":"3898e6b744983e752ea7508d69533bc0451e1a66"}
,"C:\\Users\\moham\\OneDrive\\Desktop\\TodoList_api\\TodoList_Express\\src\\middlewares\\monitoringMiddleware.js": {"path":"C:\\Users\\moham\\OneDrive\\Desktop\\TodoList_api\\TodoList_Express\\src\\middlewares\\monitoringMiddleware.js","statementMap":{"0":{"start":{"line":1,"column":15},"end":{"line":1,"column":37}},"1":{"start":{"line":4,"column":40},"end":{"line":9,"column":2}},"2":{"start":{"line":11,"column":29},"end":{"line":19,"column":1}},"3":{"start":{"line":12,"column":14},"end":{"line":12,"column":58}},"4":{"start":{"line":14,"column":2},"end":{"line":16,"column":5}},"5":{"start":{"line":15,"column":4},"end":{"line":15,"column":107}},"6":{"start":{"line":18,"column":2},"end":{"line":18,"column":9}},"7":{"start":{"line":21,"column":0},"end":{"line":21,"column":50}}},"fnMap":{"0":{"name":"(anonymous_0)","decl":{"start":{"line":11,"column":29},"end":{"line":11,"column":30}},"loc":{"start":{"line":11,"column":49},"end":{"line":19,"column":1}},"line":11},"1":{"name":"(anonymous_1)","decl":{"start":{"line":14,"column":19},"end":{"line":14,"column":20}},"loc":{"start":{"line":14,"column":25},"end":{"line":16,"column":3}},"line":14}},"branchMap":{"0":{"loc":{"start":{"line":15,"column":37},"end":{"line":15,"column":74}},"type":"cond-expr","locations":[{"start":{"line":15,"column":49},"end":{"line":15,"column":63}},{"start":{"line":15,"column":66},"end":{"line":15,"column":74}}],"line":15}},"s":{"0":1,"1":1,"2":1,"3":5,"4":5,"5":5,"6":5,"7":1},"f":{"0":5,"1":5},"b":{"0":[5,0]},"_coverageSchema":"1a1c01bbd47fc00a2c39e90264f33305004495a9","hash":"a785f8726e9e1cff2f540abfb816a854e3983196"}
,"C:\\Users\\moham\\OneDrive\\Desktop\\TodoList_api\\TodoList_Express\\src\\middlewares\\validatorMeddleware.js": {"path":"C:\\Users\\moham\\OneDrive\\Desktop\\TodoList_api\\TodoList_Express\\src\\middlewares\\validatorMeddleware.js","statementMap":{"0":{"start":{"line":1,"column":29},"end":{"line":1,"column":57}},"1":{"start":{"line":3,"column":28},"end":{"line":10,"column":1}},"2":{"start":{"line":4,"column":17},"end":{"line":4,"column":38}},"3":{"start":{"line":6,"column":2},"end":{"line":8,"column":3}},"4":{"start":{"line":7,"column":4},"end":{"line":7,"column":60}},"5":{"start":{"line":9,"column":2},"end":{"line":9,"column":9}},"6":{"start":{"line":12,"column":0},"end":{"line":12,"column":37}}},"fnMap":{"0":{"name":"(anonymous_0)","decl":{"start":{"line":3,"column":28},"end":{"line":3,"column":29}},"loc":{"start":{"line":3,"column":48},"end":{"line":10,"column":1}},"line":3}},"branchMap":{"0":{"loc":{"start":{"line":6,"column":2},"end":{"line":8,"column":3}},"type":"if","locations":[{"start":{"line":6,"column":2},"end":{"line":8,"column":3}},{"start":{},"end":{}}],"line":6}},"s":{"0":1,"1":1,"2":2,"3":2,"4":0,"5":2,"6":1},"f":{"0":2},"b":{"0":[0,2]},"_coverageSchema":"1a1c01bbd47fc00a2c39e90264f33305004495a9","hash":"6fc0b509345412a33142b4e5483dad4965b279e1"}
,"C:\\Users\\moham\\OneDrive\\Desktop\\TodoList_api\\TodoList_Express\\src\\models\\todoModel.js": {"path":"C:\\Users\\moham\\OneDrive\\Desktop\\TodoList_api\\TodoList_Express\\src\\models\\todoModel.js","statementMap":{"0":{"start":{"line":1,"column":17},"end":{"line":1,"column":36}},"1":{"start":{"line":3,"column":19},"end":{"line":20,"column":1}},"2":{"start":{"line":23,"column":0},"end":{"line":23,"column":32}},"3":{"start":{"line":26,"column":0},"end":{"line":26,"column":47}},"4":{"start":{"line":29,"column":0},"end":{"line":29,"column":57}},"5":{"start":{"line":32,"column":0},"end":{"line":32,"column":36}},"6":{"start":{"line":34,"column":0},"end":{"line":34,"column":52}}},"fnMap":{},"branchMap":{},"s":{"0":1,"1":1,"2":1,"3":1,"4":1,"5":1,"6":1},"f":{},"b":{},"_coverageSchema":"1a1c01bbd47fc00a2c39e90264f33305004495a9","hash":"bf78172556abf132155b7fe4d15abab1385ba879"}
,"C:\\Users\\moham\\OneDrive\\Desktop\\TodoList_api\\TodoList_Express\\src\\routes\\route.js": {"path":"C:\\Users\\moham\\OneDrive\\Desktop\\TodoList_api\\TodoList_Express\\src\\routes\\route.js","statementMap":{"0":{"start":{"line":1,"column":16},"end":{"line":1,"column":34}},"1":{"start":{"line":2,"column":15},"end":{"line":2,"column":31}},"2":{"start":{"line":4,"column":28},"end":{"line":4,"column":78}},"3":{"start":{"line":5,"column":28},"end":{"line":5,"column":78}},"4":{"start":{"line":7,"column":23},"end":{"line":7,"column":63}},"5":{"start":{"line":9,"column":0},"end":{"line":9,"column":65}},"6":{"start":{"line":10,"column":0},"end":{"line":10,"column":67}},"7":{"start":{"line":11,"column":0},"end":{"line":11,"column":44}},"8":{"start":{"line":12,"column":0},"end":{"line":12,"column":47}},"9":{"start":{"line":13,"column":0},"end":{"line":13,"column":49}},"10":{"start":{"line":15,"column":0},"end":{"line":15,"column":24}}},"fnMap":{},"branchMap":{},"s":{"0":1,"1":1,"2":1,"3":1,"4":1,"5":1,"6":1,"7":1,"8":1,"9":1,"10":1},"f":{},"b":{},"_coverageSchema":"1a1c01bbd47fc00a2c39e90264f33305004495a9","hash":"e68fdf929cb1ec9f4251437ed803048179793baf"}
,"C:\\Users\\moham\\OneDrive\\Desktop\\TodoList_api\\TodoList_Express\\src\\utils\\logger.js": {"path":"C:\\Users\\moham\\OneDrive\\Desktop\\TodoList_api\\TodoList_Express\\src\\utils\\logger.js","statementMap":{"0":{"start":{"line":1,"column":45},"end":{"line":1,"column":63}},"1":{"start":{"line":3,"column":15},"end":{"line":20,"column":2}},"2":{"start":{"line":9,"column":8},"end":{"line":9,"column":74}},"3":{"start":{"line":22,"column":0},"end":{"line":22,"column":24}}},"fnMap":{"0":{"name":"(anonymous_0)","decl":{"start":{"line":8,"column":6},"end":{"line":8,"column":7}},"loc":{"start":{"line":9,"column":8},"end":{"line":9,"column":74}},"line":9}},"branchMap":{},"s":{"0":1,"1":1,"2":10,"3":1},"f":{"0":10},"b":{},"_coverageSchema":"1a1c01bbd47fc00a2c39e90264f33305004495a9","hash":"a9e9c8ee5a385e2c133b298d24ec38f15dffbe70"}
,"C:\\Users\\moham\\OneDrive\\Desktop\\TodoList_api\\TodoList_Express\\src\\utils\\validators\\createTodoValidator.js": {"path":"C:\\Users\\moham\\OneDrive\\Desktop\\TodoList_api\\TodoList_Express\\src\\utils\\validators\\createTodoValidator.js","statementMap":{"0":{"start":{"line":1,"column":17},"end":{"line":1,"column":45}},"1":{"start":{"line":2,"column":28},"end":{"line":2,"column":76}},"2":{"start":{"line":4,"column":28},"end":{"line":24,"column":1}},"3":{"start":{"line":26,"column":0},"end":{"line":26,"column":37}}},"fnMap":{},"branchMap":{},"s":{"0":1,"1":1,"2":1,"3":1},"f":{},"b":{},"_coverageSchema":"1a1c01bbd47fc00a2c39e90264f33305004495a9","hash":"e3e746f3fa9ccef225d3b3a5dbc811f82375ba45"}
,"C:\\Users\\moham\\OneDrive\\Desktop\\TodoList_api\\TodoList_Express\\src\\utils\\validators\\updateTodoValidator.js": {"path":"C:\\Users\\moham\\OneDrive\\Desktop\\TodoList_api\\TodoList_Express\\src\\utils\\validators\\updateTodoValidator.js","statementMap":{"0":{"start":{"line":1,"column":17},"end":{"line":1,"column":45}},"1":{"start":{"line":2,"column":28},"end":{"line":2,"column":76}},"2":{"start":{"line":4,"column":28},"end":{"line":25,"column":1}},"3":{"start":{"line":27,"column":0},"end":{"line":27,"column":37}}},"fnMap":{},"branchMap":{},"s":{"0":1,"1":1,"2":1,"3":1},"f":{},"b":{},"_coverageSchema":"1a1c01bbd47fc00a2c39e90264f33305004495a9","hash":"e8b5927baccc19de6426e0760b4e48c16d9b08c9"}
}
