TN:
SF:app.js
FN:19,(anonymous_0)
FN:25,(anonymous_1)
FN:33,(anonymous_2)
FN:39,(anonymous_3)
FNF:4
FNH:1
FNDA:5,(anonymous_0)
FNDA:0,(anonymous_1)
FNDA:0,(anonymous_2)
FNDA:0,(anonymous_3)
DA:1,1
DA:2,1
DA:3,1
DA:4,1
DA:5,1
DA:7,1
DA:10,1
DA:13,1
DA:16,1
DA:19,1
DA:20,5
DA:21,5
DA:25,1
DA:26,0
DA:30,1
DA:33,1
DA:34,0
DA:35,0
DA:39,1
DA:40,0
DA:41,0
DA:44,1
LF:22
LH:17
BRDA:20,0,0,0
BRDA:20,0,1,5
BRF:2
BRH:1
end_of_record
TN:
SF:config\database.js
FN:4,(anonymous_0)
FNF:1
FNH:0
FNDA:0,(anonymous_0)
DA:1,0
DA:2,0
DA:4,0
DA:5,0
DA:6,0
DA:7,0
DA:9,0
DA:10,0
DA:14,0
LF:9
LH:0
BRF:0
BRH:0
end_of_record
TN:
SF:src\controllers\todoController.js
FN:6,(anonymous_0)
FN:27,(anonymous_1)
FN:46,(anonymous_2)
FN:83,(anonymous_3)
FN:126,(anonymous_4)
FNF:5
FNH:5
FNDA:1,(anonymous_0)
FNDA:1,(anonymous_1)
FNDA:1,(anonymous_2)
FNDA:1,(anonymous_3)
FNDA:1,(anonymous_4)
DA:1,1
DA:2,1
DA:3,1
DA:7,1
DA:8,1
DA:10,1
DA:12,1
DA:13,1
DA:19,0
DA:20,0
DA:28,1
DA:29,1
DA:31,1
DA:32,1
DA:38,0
DA:39,0
DA:47,1
DA:48,1
DA:50,1
DA:51,0
DA:52,0
DA:58,1
DA:60,1
DA:61,0
DA:62,0
DA:68,1
DA:69,1
DA:75,0
DA:76,0
DA:84,1
DA:85,1
DA:87,1
DA:88,0
DA:89,0
DA:95,1
DA:97,1
DA:103,1
DA:104,0
DA:105,0
DA:111,1
DA:112,1
DA:118,0
DA:119,0
DA:127,1
DA:128,1
DA:130,1
DA:131,0
DA:132,0
DA:138,1
DA:140,1
DA:141,0
DA:142,0
DA:148,1
DA:149,1
DA:155,0
DA:156,0
DA:164,1
LF:57
LH:35
BRDA:50,0,0,0
BRDA:50,0,1,1
BRDA:60,1,0,0
BRDA:60,1,1,1
BRDA:87,2,0,0
BRDA:87,2,1,1
BRDA:103,3,0,0
BRDA:103,3,1,1
BRDA:130,4,0,0
BRDA:130,4,1,1
BRDA:140,5,0,0
BRDA:140,5,1,1
BRF:12
BRH:6
end_of_record
TN:
SF:src\middlewares\loggerMiddleware.js
FN:3,(anonymous_0)
FNF:1
FNH:1
FNDA:5,(anonymous_0)
DA:1,1
DA:3,1
DA:4,5
DA:5,5
DA:6,5
DA:9,1
LF:6
LH:6
BRF:0
BRH:0
end_of_record
TN:
SF:src\middlewares\monitoringMiddleware.js
FN:11,(anonymous_0)
FN:14,(anonymous_1)
FNF:2
FNH:2
FNDA:5,(anonymous_0)
FNDA:5,(anonymous_1)
DA:1,1
DA:4,1
DA:11,1
DA:12,5
DA:14,5
DA:15,5
DA:18,5
DA:21,1
LF:8
LH:8
BRDA:15,0,0,5
BRDA:15,0,1,0
BRF:2
BRH:1
end_of_record
TN:
SF:src\middlewares\validatorMeddleware.js
FN:3,(anonymous_0)
FNF:1
FNH:1
FNDA:2,(anonymous_0)
DA:1,1
DA:3,1
DA:4,2
DA:6,2
DA:7,0
DA:9,2
DA:12,1
LF:7
LH:6
BRDA:6,0,0,0
BRDA:6,0,1,2
BRF:2
BRH:1
end_of_record
TN:
SF:src\models\todoModel.js
FNF:0
FNH:0
DA:1,1
DA:3,1
DA:23,1
DA:26,1
DA:29,1
DA:32,1
DA:34,1
LF:7
LH:7
BRF:0
BRH:0
end_of_record
TN:
SF:src\routes\route.js
FNF:0
FNH:0
DA:1,1
DA:2,1
DA:4,1
DA:5,1
DA:7,1
DA:9,1
DA:10,1
DA:11,1
DA:12,1
DA:13,1
DA:15,1
LF:11
LH:11
BRF:0
BRH:0
end_of_record
TN:
SF:src\utils\logger.js
FN:8,(anonymous_0)
FNF:1
FNH:1
FNDA:10,(anonymous_0)
DA:1,1
DA:3,1
DA:9,10
DA:22,1
LF:4
LH:4
BRF:0
BRH:0
end_of_record
TN:
SF:src\utils\validators\createTodoValidator.js
FNF:0
FNH:0
DA:1,1
DA:2,1
DA:4,1
DA:26,1
LF:4
LH:4
BRF:0
BRH:0
end_of_record
TN:
SF:src\utils\validators\updateTodoValidator.js
FNF:0
FNH:0
DA:1,1
DA:2,1
DA:4,1
DA:27,1
LF:4
LH:4
BRF:0
BRH:0
end_of_record
